<?xml version="1.0" encoding="UTF-8"?>
<!-- Generated by org.testng.reporters.JUnitXMLReporter -->
<testsuite ignored="0" hostname="Vinods-MacBook-Air.local" failures="1" tests="1" name="Tests(failed)" time="0.105" errors="0" timestamp="2023-05-12T14:04:16 IST">
  <testcase classname="com.test.specAndSchemaTest.APIspecAndSchemaTest" name="verifyAPIResponse" time="0.076">
    <failure type="com.google.gson.JsonSyntaxException" message="java.lang.IllegalStateException: Expected a string but was BEGIN_OBJECT at line 7 column 24 path $.data.list_user.ResponseData">
      <![CDATA[com.google.gson.JsonSyntaxException: java.lang.IllegalStateException: Expected a string but was BEGIN_OBJECT at line 7 column 24 path $.data.list_user.ResponseData
at com.google.gson.internal.bind.ReflectiveTypeAdapterFactory$Adapter.read(ReflectiveTypeAdapterFactory.java:226)
at com.google.gson.internal.bind.ReflectiveTypeAdapterFactory$1.read(ReflectiveTypeAdapterFactory.java:131)
at com.google.gson.internal.bind.ReflectiveTypeAdapterFactory$Adapter.read(ReflectiveTypeAdapterFactory.java:222)
at com.google.gson.internal.bind.ReflectiveTypeAdapterFactory$1.read(ReflectiveTypeAdapterFactory.java:131)
at com.google.gson.internal.bind.ReflectiveTypeAdapterFactory$Adapter.read(ReflectiveTypeAdapterFactory.java:222)
at com.google.gson.Gson.fromJson(Gson.java:963)
at com.google.gson.Gson.fromJson(Gson.java:928)
at com.google.gson.Gson.fromJson(Gson.java:877)
at com.google.gson.Gson.fromJson(Gson.java:848)
at com.test.specAndSchemaTest.APIspecAndSchemaTest.loadTestData(APIspecAndSchemaTest.java:83)
at com.test.specAndSchemaTest.APIspecAndSchemaTest.verifyAPIResponse(APIspecAndSchemaTest.java:39)
at java.base/java.util.ArrayList.forEach(ArrayList.java:1541)
Caused by: java.lang.IllegalStateException: Expected a string but was BEGIN_OBJECT at line 7 column 24 path $.data.list_user.ResponseData
at com.google.gson.stream.JsonReader.nextString(JsonReader.java:824)
at com.google.gson.internal.bind.TypeAdapters$15.read(TypeAdapters.java:380)
at com.google.gson.internal.bind.TypeAdapters$15.read(TypeAdapters.java:368)
at com.google.gson.internal.bind.ReflectiveTypeAdapterFactory$1.read(ReflectiveTypeAdapterFactory.java:131)
at com.google.gson.internal.bind.ReflectiveTypeAdapterFactory$Adapter.read(ReflectiveTypeAdapterFactory.java:222)
... 38 more
... Removed 27 stack frames]]>
    </failure>
  </testcase> <!-- verifyAPIResponse -->
</testsuite> <!-- Tests(failed) -->
