<?xml version="1.0" encoding="UTF-8"?>
<testng-results ignored="0" total="1" passed="1" failed="0" skipped="0">
  <reporter-output>
  </reporter-output>
  <suite started-at="2023-05-15T08:42:18 IST" name="Test Suite" finished-at="2023-05-15T08:42:21 IST" duration-ms="2245">
    <groups>
    </groups>
    <test started-at="2023-05-15T08:42:18 IST" name="Tests" finished-at="2023-05-15T08:42:21 IST" duration-ms="2245">
      <class name="com.test.specAndSchemaTest.APIspecAndSchemaTest">
        <test-method signature="verifyAPIResponse()[pri:0, instance:com.test.specAndSchemaTest.APIspecAndSchemaTest@7bd4937b]" started-at="2023-05-15T08:42:19 IST" name="verifyAPIResponse" finished-at="2023-05-15T08:42:21 IST" duration-ms="2213" status="PASS">
          <reporter-output>
          </reporter-output>
        </test-method> <!-- verifyAPIResponse -->
      </class> <!-- com.test.specAndSchemaTest.APIspecAndSchemaTest -->
    </test> <!-- Tests -->
  </suite> <!-- Test Suite -->
</testng-results>
