<?xml version="1.0" encoding="UTF-8"?>
<testng-results ignored="0" total="1" passed="1" failed="0" skipped="0">
  <reporter-output>
  </reporter-output>
  <suite started-at="2023-05-10T12:24:16 IST" name="Test Suite" finished-at="2023-05-10T12:24:17 IST" duration-ms="574">
    <groups>
    </groups>
    <test started-at="2023-05-10T12:24:16 IST" name="Tests" finished-at="2023-05-10T12:24:17 IST" duration-ms="574">
      <class name="com.test.outputfileVerification.outputfileVerificationTest">
        <test-method signature="testExcelFiles()[pri:0, instance:com.test.outputfileVerification.outputfileVerificationTest@7fee8714]" started-at="2023-05-10T12:24:16 IST" name="testExcelFiles" finished-at="2023-05-10T12:24:17 IST" duration-ms="547" status="PASS">
          <reporter-output>
          </reporter-output>
        </test-method> <!-- testExcelFiles -->
      </class> <!-- com.test.outputfileVerification.outputfileVerificationTest -->
    </test> <!-- Tests -->
  </suite> <!-- Test Suite -->
</testng-results>
